<?xml version="1.0" encoding="UTF-8"?>
<!-- Generated by org.testng.reporters.JUnitReportReporter -->
<testsuite hostname="ambaganTherese" failures="0" tests="1" name="testRunners.getPostRunner" time="5.124" errors="0" timestamp="16 Aug 2020 15:07:18 GMT" skipped="0">
  <testcase classname="testRunners.getPostRunner" name="feature" time="5.124"/>
</testsuite> <!-- testRunners.getPostRunner -->
